# JRE version: OpenJDK Runtime Environment (8.0_222-b10) (build 1.8.0_222-8u222-b10-1ubuntu1~16.04.1-b10)
# Java VM: OpenJDK 64-Bit Server VM (25.222-b10 mixed mode linux-amd64 compressed oops)
Heap:
 par new generation   total 153344K, used 138126K [0x00000000c0000000, 0x00000000ca660000, 0x00000000ca660000)
  eden space 136320K, 100% used [0x00000000c0000000, 0x00000000c8520000, 0x00000000c8520000)
  from space 17024K,  10% used [0x00000000c95c0000, 0x00000000c9783c10, 0x00000000ca660000)
  to   space 17024K,   0% used [0x00000000c8520000, 0x00000000c8520000, 0x00000000c95c0000)
 concurrent mark-sweep generation total 878208K, used 483377K [0x00000000ca660000, 0x0000000100000000, 0x0000000100000000)
 Metaspace       used 41079K, capacity 41264K, committed 41776K, reserved 1085440K
  class space    used 4784K, capacity 4868K, committed 4912K, reserved 1048576K
GC Heap History (10 events):
Event: 114260.000 GC heap before
{Heap before GC invocations=919 (full 132):
 par new generation   total 153344K, used 153344K [0x00000000c0000000, 0x00000000ca660000, 0x00000000ca660000)
  eden space 136320K, 100% used [0x00000000c0000000, 0x00000000c8520000, 0x00000000c8520000)
  from space 17024K, 100% used [0x00000000c95c0000, 0x00000000ca660000, 0x00000000ca660000)
  to   space 17024K,   0% used [0x00000000c8520000, 0x00000000c8520000, 0x00000000c95c0000)
 concurrent mark-sweep generation total 878208K, used 219919K [0x00000000ca660000, 0x0000000100000000, 0x0000000100000000)
 Metaspace       used 41079K, capacity 41264K, committed 41776K, reserved 1085440K
  class space    used 4784K, capacity 4868K, committed 4912K, reserved 1048576K
Event: 114260.031 GC heap after
Heap after GC invocations=920 (full 132):
 par new generation   total 153344K, used 17024K [0x00000000c0000000, 0x00000000ca660000, 0x00000000ca660000)
  eden space 136320K,   0% used [0x00000000c0000000, 0x00000000c0000000, 0x00000000c8520000)
  from space 17024K, 100% used [0x00000000c8520000, 0x00000000c95c0000, 0x00000000c95c0000)
  to   space 17024K,   0% used [0x00000000c95c0000, 0x00000000c95c0000, 0x00000000ca660000)
 concurrent mark-sweep generation total 878208K, used 353921K [0x00000000ca660000, 0x0000000100000000, 0x0000000100000000)
 Metaspace       used 41079K, capacity 41264K, committed 41776K, reserved 1085440K
  class space    used 4784K, capacity 4868K, committed 4912K, reserved 1048576K
}
Event: 114260.274 GC heap before
{Heap before GC invocations=920 (full 132):
 par new generation   total 153344K, used 153344K [0x00000000c0000000, 0x00000000ca660000, 0x00000000ca660000)
  eden space 136320K, 100% used [0x00000000c0000000, 0x00000000c8520000, 0x00000000c8520000)
  from space 17024K, 100% used [0x00000000c8520000, 0x00000000c95c0000, 0x00000000c95c0000)
  to   space 17024K,   0% used [0x00000000c95c0000, 0x00000000c95c0000, 0x00000000ca660000)
 concurrent mark-sweep generation total 878208K, used 353921K [0x00000000ca660000, 0x0000000100000000, 0x0000000100000000)
 Metaspace       used 41079K, capacity 41264K, committed 41776K, reserved 1085440K
  class space    used 4784K, capacity 4868K, committed 4912K, reserved 1048576K
Event: 114260.302 GC heap after
Heap after GC invocations=921 (full 132):
 par new generation   total 153344K, used 17024K [0x00000000c0000000, 0x00000000ca660000, 0x00000000ca660000)
  eden space 136320K,   0% used [0x00000000c0000000, 0x00000000c0000000, 0x00000000c8520000)
  from space 17024K, 100% used [0x00000000c95c0000, 0x00000000ca660000, 0x00000000ca660000)
  to   space 17024K,   0% used [0x00000000c8520000, 0x00000000c8520000, 0x00000000c95c0000)
 concurrent mark-sweep generation total 878208K, used 485967K [0x00000000ca660000, 0x0000000100000000, 0x0000000100000000)
 Metaspace       used 41079K, capacity 41264K, committed 41776K, reserved 1085440K
  class space    used 4784K, capacity 4868K, committed 4912K, reserved 1048576K
}
Event: 114260.515 GC heap before
{Heap before GC invocations=921 (full 132):
 par new generation   total 153344K, used 153341K [0x00000000c0000000, 0x00000000ca660000, 0x00000000ca660000)
  eden space 136320K,  99% used [0x00000000c0000000, 0x00000000c851f528, 0x00000000c8520000)
  from space 17024K, 100% used [0x00000000c95c0000, 0x00000000ca660000, 0x00000000ca660000)
  to   space 17024K,   0% used [0x00000000c8520000, 0x00000000c8520000, 0x00000000c95c0000)
 concurrent mark-sweep generation total 878208K, used 485967K [0x00000000ca660000, 0x0000000100000000, 0x0000000100000000)
 Metaspace       used 41079K, capacity 41264K, committed 41776K, reserved 1085440K
  class space    used 4784K, capacity 4868K, committed 4912K, reserved 1048576K
Event: 114260.547 GC heap after
Heap after GC invocations=922 (full 132):
 par new generation   total 153344K, used 17024K [0x00000000c0000000, 0x00000000ca660000, 0x00000000ca660000)
  eden space 136320K,   0% used [0x00000000c0000000, 0x00000000c0000000, 0x00000000c8520000)
  from space 17024K, 100% used [0x00000000c8520000, 0x00000000c95c0000, 0x00000000c95c0000)
  to   space 17024K,   0% used [0x00000000c95c0000, 0x00000000c95c0000, 0x00000000ca660000)
 concurrent mark-sweep generation total 878208K, used 619329K [0x00000000ca660000, 0x0000000100000000, 0x0000000100000000)
 Metaspace       used 41079K, capacity 41264K, committed 41776K, reserved 1085440K
  class space    used 4784K, capacity 4868K, committed 4912K, reserved 1048576K
}
Event: 114260.604 GC heap before
{Heap before GC invocations=922 (full 132):
 par new generation   total 153344K, used 153344K [0x00000000c0000000, 0x00000000ca660000, 0x00000000ca660000)
  eden space 136320K, 100% used [0x00000000c0000000, 0x00000000c8520000, 0x00000000c8520000)
  from space 17024K, 100% used [0x00000000c8520000, 0x00000000c95c0000, 0x00000000c95c0000)
  to   space 17024K,   0% used [0x00000000c95c0000, 0x00000000c95c0000, 0x00000000ca660000)
 concurrent mark-sweep generation total 878208K, used 619329K [0x00000000ca660000, 0x0000000100000000, 0x0000000100000000)
 Metaspace       used 41079K, capacity 41264K, committed 41776K, reserved 1085440K
  class space    used 4784K, capacity 4868K, committed 4912K, reserved 1048576K
Event: 114260.639 GC heap after
Heap after GC invocations=923 (full 132):
 par new generation   total 153344K, used 17024K [0x00000000c0000000, 0x00000000ca660000, 0x00000000ca660000)
  eden space 136320K,   0% used [0x00000000c0000000, 0x00000000c0000000, 0x00000000c8520000)
  from space 17024K, 100% used [0x00000000c95c0000, 0x00000000ca660000, 0x00000000ca660000)
  to   space 17024K,   0% used [0x00000000c8520000, 0x00000000c8520000, 0x00000000c95c0000)
 concurrent mark-sweep generation total 878208K, used 753593K [0x00000000ca660000, 0x0000000100000000, 0x0000000100000000)
 Metaspace       used 41079K, capacity 41264K, committed 41776K, reserved 1085440K
  class space    used 4784K, capacity 4868K, committed 4912K, reserved 1048576K
}
Event: 114260.699 GC heap before
{Heap before GC invocations=923 (full 133):
 par new generation   total 153344K, used 153344K [0x00000000c0000000, 0x00000000ca660000, 0x00000000ca660000)
  eden space 136320K, 100% used [0x00000000c0000000, 0x00000000c8520000, 0x00000000c8520000)
  from space 17024K, 100% used [0x00000000c95c0000, 0x00000000ca660000, 0x00000000ca660000)
  to   space 17024K,   0% used [0x00000000c8520000, 0x00000000c8520000, 0x00000000c95c0000)
 concurrent mark-sweep generation total 878208K, used 753593K [0x00000000ca660000, 0x0000000100000000, 0x0000000100000000)
 Metaspace       used 41079K, capacity 41264K, committed 41776K, reserved 1085440K
  class space    used 4784K, capacity 4868K, committed 4912K, reserved 1048576K
Event: 114261.064 GC heap after
Heap after GC invocations=924 (full 134):
 par new generation   total 153344K, used 4785K [0x00000000c0000000, 0x00000000ca660000, 0x00000000ca660000)
  eden space 136320K,   3% used [0x00000000c0000000, 0x00000000c04ac460, 0x00000000c8520000)
  from space 17024K,   0% used [0x00000000c95c0000, 0x00000000c95c0000, 0x00000000ca660000)
  to   space 17024K,   0% used [0x00000000c8520000, 0x00000000c8520000, 0x00000000c95c0000)
 concurrent mark-sweep generation total 878208K, used 878207K [0x00000000ca660000, 0x0000000100000000, 0x0000000100000000)
 Metaspace       used 41079K, capacity 41264K, committed 41776K, reserved 1085440K
  class space    used 4784K, capacity 4868K, committed 4912K, reserved 1048576K
}

